{"D:\\Udemy\\Curso React\\productos-pern\\src\\routes.ts": {"path":"D:\\Udemy\\Curso React\\productos-pern\\src\\routes.ts","statementMap":{"0":{"start":{"line":1,"column":0},"end":{"line":1,"column":33}},"1":{"start":{"line":2,"column":0},"end":{"line":2,"column":null}},"2":{"start":{"line":9,"column":0},"end":{"line":9,"column":48}},"3":{"start":{"line":10,"column":0},"end":{"line":10,"column":47}},"4":{"start":{"line":12,"column":15},"end":{"line":12,"column":23}},"5":{"start":{"line":14,"column":0},"end":{"line":14,"column":29}},"6":{"start":{"line":15,"column":0},"end":{"line":20,"column":2}},"7":{"start":{"line":22,"column":0},"end":{"line":37,"column":2}},"8":{"start":{"line":33,"column":23},"end":{"line":33,"column":32}},"9":{"start":{"line":39,"column":0},"end":{"line":55,"column":2}},"10":{"start":{"line":51,"column":23},"end":{"line":51,"column":32}},"11":{"start":{"line":57,"column":0},"end":{"line":62,"column":2}},"12":{"start":{"line":64,"column":0},"end":{"line":64,"column":22}}},"fnMap":{"0":{"name":"(anonymous_0)","decl":{"start":{"line":33,"column":12},"end":{"line":33,"column":13}},"loc":{"start":{"line":33,"column":23},"end":{"line":33,"column":32}}},"1":{"name":"(anonymous_1)","decl":{"start":{"line":51,"column":12},"end":{"line":51,"column":13}},"loc":{"start":{"line":51,"column":23},"end":{"line":51,"column":32}}}},"branchMap":{},"s":{"0":2,"1":2,"2":2,"3":2,"4":2,"5":2,"6":2,"7":2,"8":3,"9":2,"10":0,"11":2,"12":2},"f":{"0":3,"1":0},"b":{}}
,"D:\\Udemy\\Curso React\\productos-pern\\src\\server.ts": {"path":"D:\\Udemy\\Curso React\\productos-pern\\src\\server.ts","statementMap":{"0":{"start":{"line":1,"column":0},"end":{"line":1,"column":30}},"1":{"start":{"line":2,"column":0},"end":{"line":2,"column":30}},"2":{"start":{"line":3,"column":0},"end":{"line":3,"column":29}},"3":{"start":{"line":8,"column":2},"end":{"line":15,"column":3}},"4":{"start":{"line":9,"column":4},"end":{"line":9,"column":28}},"5":{"start":{"line":10,"column":4},"end":{"line":10,"column":20}},"6":{"start":{"line":13,"column":4},"end":{"line":13,"column":23}},"7":{"start":{"line":14,"column":4},"end":{"line":14,"column":45}},"8":{"start":{"line":17,"column":0},"end":{"line":17,"column":12}},"9":{"start":{"line":19,"column":15},"end":{"line":19,"column":24}},"10":{"start":{"line":21,"column":0},"end":{"line":21,"column":27}},"11":{"start":{"line":23,"column":0},"end":{"line":23,"column":36}},"12":{"start":{"line":25,"column":0},"end":{"line":27,"column":3}},"13":{"start":{"line":26,"column":2},"end":{"line":26,"column":33}},"14":{"start":{"line":29,"column":0},"end":{"line":29,"column":22}}},"fnMap":{"0":{"name":"connectDb","decl":{"start":{"line":7,"column":15},"end":{"line":7,"column":24}},"loc":{"start":{"line":7,"column":24},"end":{"line":16,"column":1}}},"1":{"name":"(anonymous_2)","decl":{"start":{"line":25,"column":19},"end":{"line":25,"column":20}},"loc":{"start":{"line":25,"column":32},"end":{"line":27,"column":1}}}},"branchMap":{},"s":{"0":2,"1":2,"2":2,"3":2,"4":2,"5":1,"6":0,"7":0,"8":2,"9":2,"10":2,"11":2,"12":2,"13":1,"14":2},"f":{"0":2,"1":1},"b":{}}
,"D:\\Udemy\\Curso React\\productos-pern\\src\\config\\db.ts": {"path":"D:\\Udemy\\Curso React\\productos-pern\\src\\config\\db.ts","statementMap":{"0":{"start":{"line":1,"column":0},"end":{"line":1,"column":49}},"1":{"start":{"line":2,"column":0},"end":{"line":2,"column":28}},"2":{"start":{"line":4,"column":0},"end":{"line":4,"column":16}},"3":{"start":{"line":6,"column":11},"end":{"line":9,"column":2}},"4":{"start":{"line":11,"column":0},"end":{"line":11,"column":18}}},"fnMap":{},"branchMap":{},"s":{"0":2,"1":2,"2":2,"3":2,"4":2},"f":{},"b":{}}
,"D:\\Udemy\\Curso React\\productos-pern\\src\\handlers\\product.ts": {"path":"D:\\Udemy\\Curso React\\productos-pern\\src\\handlers\\product.ts","statementMap":{"0":{"start":{"line":2,"column":0},"end":{"line":2,"column":46}},"1":{"start":{"line":4,"column":29},"end":{"line":11,"column":1}},"2":{"start":{"line":5,"column":2},"end":{"line":10,"column":3}},"3":{"start":{"line":6,"column":20},"end":{"line":6,"column":50}},"4":{"start":{"line":7,"column":4},"end":{"line":7,"column":44}},"5":{"start":{"line":9,"column":4},"end":{"line":9,"column":23}},"6":{"start":{"line":4,"column":13},"end":{"line":4,"column":29}},"7":{"start":{"line":13,"column":27},"end":{"line":20,"column":1}},"8":{"start":{"line":14,"column":2},"end":{"line":19,"column":3}},"9":{"start":{"line":15,"column":21},"end":{"line":15,"column":44}},"10":{"start":{"line":16,"column":4},"end":{"line":16,"column":33}},"11":{"start":{"line":18,"column":4},"end":{"line":18,"column":23}},"12":{"start":{"line":13,"column":13},"end":{"line":13,"column":27}},"13":{"start":{"line":22,"column":30},"end":{"line":33,"column":1}},"14":{"start":{"line":23,"column":17},"end":{"line":23,"column":27}},"15":{"start":{"line":24,"column":2},"end":{"line":32,"column":3}},"16":{"start":{"line":25,"column":20},"end":{"line":25,"column":46}},"17":{"start":{"line":26,"column":4},"end":{"line":28,"column":5}},"18":{"start":{"line":27,"column":6},"end":{"line":27,"column":64}},"19":{"start":{"line":29,"column":4},"end":{"line":29,"column":32}},"20":{"start":{"line":31,"column":4},"end":{"line":31,"column":23}},"21":{"start":{"line":22,"column":13},"end":{"line":22,"column":30}},"22":{"start":{"line":35,"column":29},"end":{"line":48,"column":1}},"23":{"start":{"line":36,"column":17},"end":{"line":36,"column":27}},"24":{"start":{"line":37,"column":2},"end":{"line":47,"column":3}},"25":{"start":{"line":38,"column":20},"end":{"line":38,"column":46}},"26":{"start":{"line":39,"column":4},"end":{"line":41,"column":5}},"27":{"start":{"line":40,"column":6},"end":{"line":40,"column":64}},"28":{"start":{"line":42,"column":4},"end":{"line":42,"column":49}},"29":{"start":{"line":43,"column":4},"end":{"line":43,"column":19}},"30":{"start":{"line":44,"column":4},"end":{"line":44,"column":32}},"31":{"start":{"line":46,"column":4},"end":{"line":46,"column":23}},"32":{"start":{"line":35,"column":13},"end":{"line":35,"column":29}},"33":{"start":{"line":50,"column":29},"end":{"line":62,"column":1}},"34":{"start":{"line":51,"column":17},"end":{"line":51,"column":27}},"35":{"start":{"line":52,"column":2},"end":{"line":61,"column":3}},"36":{"start":{"line":53,"column":20},"end":{"line":53,"column":46}},"37":{"start":{"line":54,"column":4},"end":{"line":56,"column":5}},"38":{"start":{"line":55,"column":6},"end":{"line":55,"column":64}},"39":{"start":{"line":57,"column":4},"end":{"line":57,"column":22}},"40":{"start":{"line":58,"column":4},"end":{"line":58,"column":49}},"41":{"start":{"line":60,"column":4},"end":{"line":60,"column":23}},"42":{"start":{"line":50,"column":13},"end":{"line":50,"column":29}}},"fnMap":{"0":{"name":"(anonymous_1)","decl":{"start":{"line":4,"column":29},"end":{"line":4,"column":34}},"loc":{"start":{"line":4,"column":67},"end":{"line":11,"column":1}}},"1":{"name":"(anonymous_2)","decl":{"start":{"line":13,"column":27},"end":{"line":13,"column":32}},"loc":{"start":{"line":13,"column":65},"end":{"line":20,"column":1}}},"2":{"name":"(anonymous_3)","decl":{"start":{"line":22,"column":30},"end":{"line":22,"column":35}},"loc":{"start":{"line":22,"column":68},"end":{"line":33,"column":1}}},"3":{"name":"(anonymous_4)","decl":{"start":{"line":35,"column":29},"end":{"line":35,"column":34}},"loc":{"start":{"line":35,"column":67},"end":{"line":48,"column":1}}},"4":{"name":"(anonymous_5)","decl":{"start":{"line":50,"column":29},"end":{"line":50,"column":34}},"loc":{"start":{"line":50,"column":67},"end":{"line":62,"column":1}}}},"branchMap":{"0":{"loc":{"start":{"line":26,"column":4},"end":{"line":28,"column":5}},"type":"if","locations":[{"start":{"line":26,"column":4},"end":{"line":28,"column":5}}]},"1":{"loc":{"start":{"line":39,"column":4},"end":{"line":41,"column":5}},"type":"if","locations":[{"start":{"line":39,"column":4},"end":{"line":41,"column":5}}]},"2":{"loc":{"start":{"line":54,"column":4},"end":{"line":56,"column":5}},"type":"if","locations":[{"start":{"line":54,"column":4},"end":{"line":56,"column":5}}]}},"s":{"0":2,"1":2,"2":1,"3":1,"4":1,"5":0,"6":2,"7":2,"8":1,"9":1,"10":1,"11":0,"12":2,"13":2,"14":0,"15":0,"16":0,"17":0,"18":0,"19":0,"20":0,"21":2,"22":2,"23":0,"24":0,"25":0,"26":0,"27":0,"28":0,"29":0,"30":0,"31":0,"32":2,"33":2,"34":0,"35":0,"36":0,"37":0,"38":0,"39":0,"40":0,"41":0,"42":2},"f":{"0":1,"1":1,"2":0,"3":0,"4":0},"b":{"0":[0],"1":[0],"2":[0]}}
,"D:\\Udemy\\Curso React\\productos-pern\\src\\middleware\\index.ts": {"path":"D:\\Udemy\\Curso React\\productos-pern\\src\\middleware\\index.ts","statementMap":{"0":{"start":{"line":1,"column":0},"end":{"line":1,"column":53}},"1":{"start":{"line":4,"column":31},"end":{"line":11,"column":1}},"2":{"start":{"line":6,"column":15},"end":{"line":6,"column":36}},"3":{"start":{"line":7,"column":2},"end":{"line":9,"column":3}},"4":{"start":{"line":8,"column":4},"end":{"line":8,"column":60}},"5":{"start":{"line":10,"column":2},"end":{"line":10,"column":9}},"6":{"start":{"line":4,"column":13},"end":{"line":4,"column":31}}},"fnMap":{"0":{"name":"(anonymous_0)","decl":{"start":{"line":4,"column":31},"end":{"line":4,"column":32}},"loc":{"start":{"line":4,"column":83},"end":{"line":11,"column":1}}}},"branchMap":{"0":{"loc":{"start":{"line":7,"column":2},"end":{"line":9,"column":3}},"type":"if","locations":[{"start":{"line":7,"column":2},"end":{"line":9,"column":3}}]}},"s":{"0":2,"1":2,"2":3,"3":3,"4":2,"5":1,"6":2},"f":{"0":3},"b":{"0":[2]}}
,"D:\\Udemy\\Curso React\\productos-pern\\src\\models\\Product.model.ts": {"path":"D:\\Udemy\\Curso React\\productos-pern\\src\\models\\Product.model.ts","statementMap":{"0":{"start":{"line":1,"column":0},"end":{"line":1,"column":79}},"1":{"start":{"line":6,"column":0},"end":{"line":22,"column":null}},"2":{"start":{"line":10,"column":10},"end":{"line":10,"column":null}},"3":{"start":{"line":15,"column":10},"end":{"line":15,"column":null}},"4":{"start":{"line":21,"column":10},"end":{"line":21,"column":null}},"5":{"start":{"line":6,"column":6},"end":{"line":22,"column":null}},"6":{"start":{"line":24,"column":0},"end":{"line":24,"column":23}}},"fnMap":{},"branchMap":{},"s":{"0":2,"1":2,"2":2,"3":2,"4":2,"5":2,"6":2},"f":{},"b":{}}
}
