TN:
SF:src\routes.ts
FN:33,(anonymous_0)
FN:51,(anonymous_1)
FNF:2
FNH:1
FNDA:3,(anonymous_0)
FNDA:0,(anonymous_1)
DA:1,2
DA:2,2
DA:9,2
DA:10,2
DA:12,2
DA:14,2
DA:15,2
DA:22,2
DA:33,3
DA:39,2
DA:51,0
DA:57,2
DA:64,2
LF:13
LH:12
BRF:0
BRH:0
end_of_record
TN:
SF:src\server.ts
FN:7,connectDb
FN:25,(anonymous_2)
FNF:2
FNH:2
FNDA:2,connectDb
FNDA:1,(anonymous_2)
DA:1,2
DA:2,2
DA:3,2
DA:8,2
DA:9,2
DA:10,1
DA:13,0
DA:14,0
DA:17,2
DA:19,2
DA:21,2
DA:23,2
DA:25,2
DA:26,1
DA:29,2
LF:15
LH:13
BRF:0
BRH:0
end_of_record
TN:
SF:src\config\db.ts
FNF:0
FNH:0
DA:1,2
DA:2,2
DA:4,2
DA:6,2
DA:11,2
LF:5
LH:5
BRF:0
BRH:0
end_of_record
TN:
SF:src\handlers\product.ts
FN:4,(anonymous_1)
FN:13,(anonymous_2)
FN:22,(anonymous_3)
FN:35,(anonymous_4)
FN:50,(anonymous_5)
FNF:5
FNH:2
FNDA:1,(anonymous_1)
FNDA:1,(anonymous_2)
FNDA:0,(anonymous_3)
FNDA:0,(anonymous_4)
FNDA:0,(anonymous_5)
DA:2,2
DA:4,2
DA:5,1
DA:6,1
DA:7,1
DA:9,0
DA:13,2
DA:14,1
DA:15,1
DA:16,1
DA:18,0
DA:22,2
DA:23,0
DA:24,0
DA:25,0
DA:26,0
DA:27,0
DA:29,0
DA:31,0
DA:35,2
DA:36,0
DA:37,0
DA:38,0
DA:39,0
DA:40,0
DA:42,0
DA:43,0
DA:44,0
DA:46,0
DA:50,2
DA:51,0
DA:52,0
DA:53,0
DA:54,0
DA:55,0
DA:57,0
DA:58,0
DA:60,0
LF:38
LH:12
BRDA:26,0,0,0
BRDA:39,1,0,0
BRDA:54,2,0,0
BRF:3
BRH:0
end_of_record
TN:
SF:src\middleware\index.ts
FN:4,(anonymous_0)
FNF:1
FNH:1
FNDA:3,(anonymous_0)
DA:1,2
DA:4,2
DA:6,3
DA:7,3
DA:8,2
DA:10,1
LF:6
LH:6
BRDA:7,0,0,2
BRF:1
BRH:1
end_of_record
TN:
SF:src\models\Product.model.ts
FNF:0
FNH:0
DA:1,2
DA:6,2
DA:10,2
DA:15,2
DA:21,2
DA:24,2
LF:6
LH:6
BRF:0
BRH:0
end_of_record
